*************************************************************
*      TSCODE: Transition State Conformational Docker       *
*************************************************************
*                 Version 0.00 - Pre-release                *
*       Nicolo' Tampellini - nicolo.tampellini@yale.edu     *
*************************************************************

--> Atom pairings imposed are 3: [[0, 43], [5, 36], [33, 60]] (Cumulative index numbering)

--> Setup performed correctly. 2744 candidates will be generated.

--> Input structures, reactive indexes and reactive atoms TSCODE type and orbital dimensions:
    1. maleimide.xyz: 0 -> C(sp2, 1.068 A), 5 -> O(Ketone, 0.774 A)
    2. HCOOH.xyz: 4 -> H(Single Bond, 0.774 A), 1 -> O(Ketone, 0.95 A)
    3. dienamine.xyz: 6 -> C(sp2, 1.068 A), 23 -> H(Single Bond, 0.95 A)

--> Calculation options used were:
    - checkpoint : False
    - clash_thresh : 1.2
    - max_clashes : 3
    - max_newbonds : 1
    - mopac_level : PM7
    - nci : True
    - neb : False
    - only_refined : False
    - optimization : True
    - pruning_thresh : 0.5
    - rigid : False
    - rotation_steps : 6
    - suprafacial : False

--> Performing cyclical embed (2744 candidates)
Generated 2744 transition state candidates (21.04 s)

--> Checking structures for compenetrations
Discarded 2041 candidates for compenetration (703 left, 4.92 s)

--> Similarity Processing
    - similarity pre-processing   (k=100) - 0.35 s - kept 569/703
    - similarity pre-processing   (k=50) - 0.48 s - kept 403/569
    - similarity pre-processing   (k=20) - 0.47 s - kept 220/403
    - similarity pre-processing   (k=10) - 0.28 s - kept 127/220
    - similarity pre-processing   (k=5) - 0.17 s - kept 67/127
    - similarity pre-processing   (k=2) - 0.13 s - kept 38/67
    - similarity final processing (k=1) - 0.07 s - kept 20/38
Discarded 683 candidates for similarity (20 left, 1.95 s)

--> Checkpoint output - Wrote 20 TS structures to TSCoDe_checkpoint_May_24_23-36.xyz file before optimization.

--> Structure optimization (PM7 level)
    - Mopac PM7 optimization: Structure 1 CONVERGED - took 18.02 s
    - Mopac PM7 optimization: Structure 2 CONVERGED - took 12.75 s
    - Mopac PM7 optimization: Structure 3 CONVERGED - took 15.99 s
    - Mopac PM7 optimization: Structure 4 CONVERGED - took 10.11 s
    - Mopac PM7 optimization: Structure 5 CONVERGED - took 23.01 s
    - Mopac PM7 optimization: Structure 6 CONVERGED - took 18.8 s
    - Mopac PM7 optimization: Structure 7 SCRAMBLED - took 18.37 s
    - Mopac PM7 optimization: Structure 8 CONVERGED - took 11.99 s
    - Mopac PM7 optimization: Structure 9 CONVERGED - took 15.19 s
    - Mopac PM7 optimization: Structure 10 FAILED TO READ FILE - took 24.61 s
    - Mopac PM7 optimization: Structure 11 FAILED TO READ FILE - took 23.82 s
    - Mopac PM7 optimization: Structure 12 FAILED TO READ FILE - took 23.37 s
    - Mopac PM7 optimization: Structure 13 FAILED TO READ FILE - took 23.47 s
    - Mopac PM7 optimization: Structure 14 CONVERGED - took 19.99 s
    - Mopac PM7 optimization: Structure 15 CONVERGED - took 17.49 s
    - Mopac PM7 optimization: Structure 16 FAILED TO READ FILE - took 23.25 s
    - Mopac PM7 optimization: Structure 17 CONVERGED - took 17.12 s
    - Mopac PM7 optimization: Structure 18 CONVERGED - took 12.95 s
    - Mopac PM7 optimization: Structure 19 SCRAMBLED - took 22.03 s
    - Mopac PM7 optimization: Structure 20 CONVERGED - took 14.5 s
Mopac PM7 optimization took 366.85 s (~18.34 s per structure)
Discarded 7 candidates because optimizations failed or scrambled some atoms (13 left)
Discarded 8 candidates for similarity (5 left, 0.01 s)

--> Refining bonding distances for TSs (PM7 level)
    - Mopac PM7 refinement: Structure 1 REFINED - took 3.55 s
    - Mopac PM7 refinement: Structure 2 REFINED - took 9.7 s
    - Mopac PM7 refinement: Structure 3 REFINED - took 7.03 s
    - Mopac PM7 refinement: Structure 4 REFINED - took 4.37 s
    - Mopac PM7 refinement: Structure 5 REFINED - took 13.99 s
Mopac PM7 refinement took 38.65 s (~7.73 s per structure)
Successfully refined 5/5 structures. Non-refined ones will not be discarded.

--> Output: Wrote 5 rough TS structures to TSCoDe_TSs_guesses_May_24_23-36.xyz file - Total time 433.43 s

--> Non-covalent interactions spotting
No particular NCIs spotted for these structures

--> Output: Wrote VMD TSCoDe_TSs_guesses_May_24_23-36.vmd file

--> TSCoDe normal termination: total time 7 minutes 14.453 seconds 
