
*************************************************************
*      TSCODE: Transition State Conformational Docker       *
*************************************************************
*                 Version 0.00 - Test pre-release           *
*       Nicolo' Tampellini - nicolo.tampellini@yale.edu     *
*************************************************************

--> Atom pairings imposed are 3: [[6, 66], [56, 71], [23, 34]] (Cumulative index numbering)

--> Setup performed correctly. 21952 candidates will be generated.

--> Input structures, reactive indexes and reactive atoms TSCODE type and orbital dimensions:
    1. dienamine_ensemble.xyz: 6 -> C(sp2, 1.068 A), 23 -> H(Single Bond, 0.951 A)
    2. acid_ensemble.xyz: 3 -> O(Ketone, 0.951 A), 25 -> H(Single Bond, 0.774 A)
    3. maleimide.xyz: 0 -> C(sp2, 1.068 A), 5 -> O(Ketone, 0.774 A)

--> Calculation options used were:
    - clash_thresh : 1.2
    - max_clashes : 3
    - max_newbonds : 1
    - mopac_level : PM7
    - nci : True
    - neb : False
    - only_refined : False
    - optimization : True
    - pruning_thresh : 0.5
    - rigid : False
    - rotation_range : 45
    - rotation_steps : 6
    - suprafacial : False

--> Performing cyclical embed (21952 candidates)
Generated 21952 transition state candidates (16.23 s)

--> Checking structures for compenetrations
Discarded 16334 candidates for compenetration (5618 left, 115.12 s)

--> Similarity Processing
    - similarity pre-processing   (k=1000) - 25.34 s - kept 5298/5618
    - similarity pre-processing   (k=500) - 10.83 s - kept 5159/5298
    - similarity pre-processing   (k=200) - 13.7 s - kept 5005/5159
    - similarity pre-processing   (k=100) - 21.26 s - kept 4697/5005
    - similarity pre-processing   (k=50) - 37.14 s - kept 4192/4697
    - similarity pre-processing   (k=20) - 68.35 s - kept 3331/4192
    - similarity pre-processing   (k=10) - 80.51 s - kept 2407/3331
    - similarity pre-processing   (k=5) - 76.94 s - kept 1591/2407
    - similarity pre-processing   (k=2) - 74.05 s - kept 885/1591
    - similarity final processing (k=1) - 41.65 s - kept 533/885
Discarded 5085 candidates for similarity (533 left, 449.82 s)

--> Checkpoint output - Wrote 533 TS structures to TSCoDe_checkpoint_May_27_13-49.xyz file before optimization.

--> Structure optimization (PM7 level)
    - Mopac PM7 optimization: Structure 1 CONVERGED - took 43.96 s
