       Step     Time          Energy         fmax
MDMin:    0 15:20:33        2.361880           nan
MDMin:    1 15:20:33             nan           nan
MDMin:    2 15:20:33             nan           nan
MDMin:    3 15:20:34             nan           nan
MDMin:    4 15:20:34             nan           nan
MDMin:    5 15:20:34             nan           nan
MDMin:    6 15:20:34             nan           nan
MDMin:    7 15:20:34             nan           nan
MDMin:    8 15:20:34             nan           nan
MDMin:    9 15:20:35             nan           nan
MDMin:   10 15:20:35             nan           nan
MDMin:   11 15:20:35             nan           nan
MDMin:   12 15:20:35             nan           nan
MDMin:   13 15:20:35             nan           nan
MDMin:   14 15:20:35             nan           nan
MDMin:   15 15:20:36             nan           nan
MDMin:   16 15:20:36             nan           nan
MDMin:   17 15:20:36             nan           nan
MDMin:   18 15:20:36             nan           nan
MDMin:   19 15:20:36             nan           nan
MDMin:   20 15:20:36             nan           nan
MDMin:   21 15:20:37             nan           nan
MDMin:   22 15:20:37             nan           nan
MDMin:   23 15:20:37             nan           nan
MDMin:   24 15:20:37             nan           nan
MDMin:   25 15:20:37             nan           nan
MDMin:   26 15:20:37             nan           nan
MDMin:   27 15:20:38             nan           nan
MDMin:   28 15:20:38             nan           nan
MDMin:   29 15:20:38             nan           nan
MDMin:   30 15:20:38             nan           nan
MDMin:   31 15:20:38             nan           nan
MDMin:   32 15:20:38             nan           nan
MDMin:   33 15:20:39             nan           nan
MDMin:   34 15:20:39             nan           nan
MDMin:   35 15:20:39             nan           nan
MDMin:   36 15:20:39             nan           nan
MDMin:   37 15:20:39             nan           nan
MDMin:   38 15:20:40             nan           nan
MDMin:   39 15:20:40             nan           nan
MDMin:   40 15:20:40             nan           nan
MDMin:   41 15:20:40             nan           nan
MDMin:   42 15:20:40             nan           nan
MDMin:   43 15:20:41             nan           nan
MDMin:   44 15:20:41             nan           nan
MDMin:   45 15:20:41             nan           nan
       Step     Time          Energy         fmax
MDMin:    0 15:21:38        2.361880           nan
MDMin:    1 15:21:38             nan           nan
MDMin:    2 15:21:38             nan           nan
MDMin:    3 15:21:38             nan           nan
MDMin:    4 15:21:39             nan           nan
MDMin:    5 15:21:39             nan           nan
MDMin:    6 15:21:39             nan           nan
MDMin:    7 15:21:39             nan           nan
MDMin:    8 15:21:39             nan           nan
MDMin:    9 15:21:39             nan           nan
MDMin:   10 15:21:40             nan           nan
MDMin:   11 15:21:40             nan           nan
MDMin:   12 15:21:40             nan           nan
MDMin:   13 15:21:40             nan           nan
MDMin:   14 15:21:41             nan           nan
MDMin:   15 15:21:41             nan           nan
MDMin:   16 15:21:41             nan           nan
       Step     Time          Energy         fmax
MDMin:    0 15:37:55        1.952591           nan
MDMin:    1 15:37:55             nan           nan
MDMin:    2 15:37:55             nan           nan
MDMin:    3 15:37:56             nan           nan
MDMin:    4 15:37:56             nan           nan
MDMin:    5 15:37:56             nan           nan
MDMin:    6 15:37:56             nan           nan
MDMin:    7 15:37:56             nan           nan
MDMin:    8 15:37:56             nan           nan
MDMin:    9 15:37:57             nan           nan
MDMin:   10 15:37:57             nan           nan
MDMin:   11 15:37:57             nan           nan
MDMin:   12 15:37:57             nan           nan
MDMin:   13 15:37:57             nan           nan
MDMin:   14 15:37:58             nan           nan
MDMin:   15 15:37:58             nan           nan
MDMin:   16 15:37:58             nan           nan
MDMin:   17 15:37:58             nan           nan
MDMin:   18 15:37:58             nan           nan
MDMin:   19 15:37:59             nan           nan
MDMin:   20 15:37:59             nan           nan
MDMin:   21 15:37:59             nan           nan
MDMin:   22 15:37:59             nan           nan
MDMin:   23 15:37:59             nan           nan
MDMin:   24 15:37:59             nan           nan
MDMin:   25 15:38:00             nan           nan
MDMin:   26 15:38:00             nan           nan
MDMin:   27 15:38:00             nan           nan
MDMin:   28 15:38:00             nan           nan
MDMin:   29 15:38:00             nan           nan
MDMin:   30 15:38:00             nan           nan
MDMin:   31 15:38:01             nan           nan
MDMin:   32 15:38:01             nan           nan
MDMin:   33 15:38:01             nan           nan
MDMin:   34 15:38:02             nan           nan
MDMin:   35 15:38:02             nan           nan
MDMin:   36 15:38:02             nan           nan
MDMin:   37 15:38:02             nan           nan
MDMin:   38 15:38:02             nan           nan
MDMin:   39 15:38:03             nan           nan
MDMin:   40 15:38:03             nan           nan
MDMin:   41 15:38:03             nan           nan
MDMin:   42 15:38:03             nan           nan
MDMin:   43 15:38:03             nan           nan
MDMin:   44 15:38:03             nan           nan
MDMin:   45 15:38:04             nan           nan
MDMin:   46 15:38:04             nan           nan
MDMin:   47 15:38:04             nan           nan
MDMin:   48 15:38:04             nan           nan
MDMin:   49 15:38:04             nan           nan
MDMin:   50 15:38:04             nan           nan
MDMin:   51 15:38:05             nan           nan
MDMin:   52 15:38:05             nan           nan
MDMin:   53 15:38:05             nan           nan
MDMin:   54 15:38:05             nan           nan
MDMin:   55 15:38:05             nan           nan
MDMin:   56 15:38:06             nan           nan
MDMin:   57 15:38:06             nan           nan
MDMin:   58 15:38:06             nan           nan
MDMin:   59 15:38:06             nan           nan
MDMin:   60 15:38:06             nan           nan
MDMin:   61 15:38:06             nan           nan
MDMin:   62 15:38:07             nan           nan
MDMin:   63 15:38:07             nan           nan
MDMin:   64 15:38:07             nan           nan
MDMin:   65 15:38:07             nan           nan
MDMin:   66 15:38:07             nan           nan
MDMin:   67 15:38:07             nan           nan
MDMin:   68 15:38:08             nan           nan
MDMin:   69 15:38:08             nan           nan
MDMin:   70 15:38:08             nan           nan
MDMin:   71 15:38:08             nan           nan
MDMin:   72 15:38:09             nan           nan
MDMin:   73 15:38:09             nan           nan
MDMin:   74 15:38:09             nan           nan
MDMin:   75 15:38:09             nan           nan
MDMin:   76 15:38:09             nan           nan
MDMin:   77 15:38:10             nan           nan
MDMin:   78 15:38:10             nan           nan
       Step     Time          Energy         fmax
*Force-consistent energies used in optimization.
LBFGS:    0 15:40:48        1.952591*          nan
LBFGS:    1 15:40:48             nan*          nan
LBFGS:    2 15:40:49             nan*          nan
LBFGS:    3 15:40:49             nan*          nan
LBFGS:    4 15:40:49             nan*          nan
LBFGS:    5 15:40:49             nan*          nan
LBFGS:    6 15:40:49             nan*          nan
LBFGS:    7 15:40:49             nan*          nan
LBFGS:    8 15:40:50             nan*          nan
LBFGS:    9 15:40:50             nan*          nan
LBFGS:   10 15:40:50             nan*          nan
LBFGS:   11 15:40:50             nan*          nan
LBFGS:   12 15:40:50             nan*          nan
LBFGS:   13 15:40:51             nan*          nan
LBFGS:   14 15:40:51             nan*          nan
LBFGS:   15 15:40:51             nan*          nan
LBFGS:   16 15:40:51             nan*          nan
LBFGS:   17 15:40:51             nan*          nan
LBFGS:   18 15:40:52             nan*          nan
LBFGS:   19 15:40:52             nan*          nan
LBFGS:   20 15:40:52             nan*          nan
LBFGS:   21 15:40:52             nan*          nan
LBFGS:   22 15:40:52             nan*          nan
LBFGS:   23 15:40:53             nan*          nan
LBFGS:   24 15:40:53             nan*          nan
LBFGS:   25 15:40:53             nan*          nan
LBFGS:   26 15:40:53             nan*          nan
LBFGS:   27 15:40:53             nan*          nan
LBFGS:   28 15:40:53             nan*          nan
LBFGS:   29 15:40:54             nan*          nan
LBFGS:   30 15:40:54             nan*          nan
LBFGS:   31 15:40:54             nan*          nan
LBFGS:   32 15:40:54             nan*          nan
LBFGS:   33 15:40:54             nan*          nan
LBFGS:   34 15:40:55             nan*          nan
LBFGS:   35 15:40:55             nan*          nan
LBFGS:   36 15:40:55             nan*          nan
LBFGS:   37 15:40:55             nan*          nan
LBFGS:   38 15:40:55             nan*          nan
LBFGS:   39 15:40:56             nan*          nan
LBFGS:   40 15:40:56             nan*          nan
LBFGS:   41 15:40:56             nan*          nan
LBFGS:   42 15:40:56             nan*          nan
LBFGS:   43 15:40:56             nan*          nan
LBFGS:   44 15:40:56             nan*          nan
LBFGS:   45 15:40:57             nan*          nan
LBFGS:   46 15:40:57             nan*          nan
LBFGS:   47 15:40:57             nan*          nan
LBFGS:   48 15:40:57             nan*          nan
LBFGS:   49 15:40:57             nan*          nan
LBFGS:   50 15:40:57             nan*          nan
LBFGS:   51 15:40:58             nan*          nan
LBFGS:   52 15:40:58             nan*          nan
LBFGS:   53 15:40:58             nan*          nan
LBFGS:   54 15:40:58             nan*          nan
LBFGS:   55 15:40:58             nan*          nan
LBFGS:   56 15:40:58             nan*          nan
LBFGS:   57 15:40:58             nan*          nan
LBFGS:   58 15:40:59             nan*          nan
LBFGS:   59 15:40:59             nan*          nan
LBFGS:   60 15:40:59             nan*          nan
LBFGS:   61 15:40:59             nan*          nan
LBFGS:   62 15:40:59             nan*          nan
LBFGS:   63 15:41:00             nan*          nan
LBFGS:   64 15:41:00             nan*          nan
LBFGS:   65 15:41:00             nan*          nan
LBFGS:   66 15:41:00             nan*          nan
LBFGS:   67 15:41:00             nan*          nan
LBFGS:   68 15:41:00             nan*          nan
LBFGS:   69 15:41:01             nan*          nan
LBFGS:   70 15:41:01             nan*          nan
LBFGS:   71 15:41:01             nan*          nan
LBFGS:   72 15:41:01             nan*          nan
LBFGS:   73 15:41:01             nan*          nan
LBFGS:   74 15:41:02             nan*          nan
LBFGS:   75 15:41:02             nan*          nan
LBFGS:   76 15:41:02             nan*          nan
LBFGS:   77 15:41:02             nan*          nan
LBFGS:   78 15:41:02             nan*          nan
LBFGS:   79 15:41:02             nan*          nan
LBFGS:   80 15:41:03             nan*          nan
LBFGS:   81 15:41:03             nan*          nan
LBFGS:   82 15:41:03             nan*          nan
LBFGS:   83 15:41:03             nan*          nan
LBFGS:   84 15:41:03             nan*          nan
LBFGS:   85 15:41:03             nan*          nan
LBFGS:   86 15:41:04             nan*          nan
LBFGS:   87 15:41:04             nan*          nan
LBFGS:   88 15:41:04             nan*          nan
LBFGS:   89 15:41:04             nan*          nan
LBFGS:   90 15:41:04             nan*          nan
LBFGS:   91 15:41:05             nan*          nan
LBFGS:   92 15:41:05             nan*          nan
LBFGS:   93 15:41:05             nan*          nan
LBFGS:   94 15:41:05             nan*          nan
LBFGS:   95 15:41:05             nan*          nan
LBFGS:   96 15:41:06             nan*          nan
LBFGS:   97 15:41:06             nan*          nan
LBFGS:   98 15:41:06             nan*          nan
LBFGS:   99 15:41:06             nan*          nan
LBFGS:  100 15:41:06             nan*          nan
LBFGS:  101 15:41:06             nan*          nan
LBFGS:  102 15:41:06             nan*          nan
LBFGS:  103 15:41:07             nan*          nan
LBFGS:  104 15:41:07             nan*          nan
LBFGS:  105 15:41:07             nan*          nan
LBFGS:  106 15:41:07             nan*          nan
LBFGS:  107 15:41:07             nan*          nan
LBFGS:  108 15:41:08             nan*          nan
LBFGS:  109 15:41:08             nan*          nan
LBFGS:  110 15:41:08             nan*          nan
LBFGS:  111 15:41:08             nan*          nan
LBFGS:  112 15:41:08             nan*          nan
LBFGS:  113 15:41:08             nan*          nan
LBFGS:  114 15:41:09             nan*          nan
LBFGS:  115 15:41:09             nan*          nan
LBFGS:  116 15:41:09             nan*          nan
LBFGS:  117 15:41:09             nan*          nan
LBFGS:  118 15:41:09             nan*          nan
LBFGS:  119 15:41:09             nan*          nan
LBFGS:  120 15:41:10             nan*          nan
LBFGS:  121 15:41:10             nan*          nan
LBFGS:  122 15:41:10             nan*          nan
LBFGS:  123 15:41:10             nan*          nan
LBFGS:  124 15:41:10             nan*          nan
LBFGS:  125 15:41:11             nan*          nan
LBFGS:  126 15:41:11             nan*          nan
LBFGS:  127 15:41:11             nan*          nan
LBFGS:  128 15:41:11             nan*          nan
LBFGS:  129 15:41:11             nan*          nan
LBFGS:  130 15:41:11             nan*          nan
LBFGS:  131 15:41:11             nan*          nan
LBFGS:  132 15:41:12             nan*          nan
LBFGS:  133 15:41:12             nan*          nan
LBFGS:  134 15:41:12             nan*          nan
LBFGS:  135 15:41:12             nan*          nan
LBFGS:  136 15:41:12             nan*          nan
LBFGS:  137 15:41:12             nan*          nan
LBFGS:  138 15:41:13             nan*          nan
LBFGS:  139 15:41:13             nan*          nan
LBFGS:  140 15:41:13             nan*          nan
LBFGS:  141 15:41:13             nan*          nan
LBFGS:  142 15:41:13             nan*          nan
LBFGS:  143 15:41:13             nan*          nan
LBFGS:  144 15:41:14             nan*          nan
LBFGS:  145 15:41:14             nan*          nan
LBFGS:  146 15:41:14             nan*          nan
LBFGS:  147 15:41:14             nan*          nan
LBFGS:  148 15:41:14             nan*          nan
LBFGS:  149 15:41:15             nan*          nan
LBFGS:  150 15:41:15             nan*          nan
LBFGS:  151 15:41:15             nan*          nan
LBFGS:  152 15:41:15             nan*          nan
LBFGS:  153 15:41:15             nan*          nan
LBFGS:  154 15:41:16             nan*          nan
LBFGS:  155 15:41:16             nan*          nan
LBFGS:  156 15:41:16             nan*          nan
LBFGS:  157 15:41:16             nan*          nan
LBFGS:  158 15:41:16             nan*          nan
LBFGS:  159 15:41:17             nan*          nan
LBFGS:  160 15:41:17             nan*          nan
LBFGS:  161 15:41:17             nan*          nan
